C51 COMPILER V8.08   INT                                                                   08/10/2009 11:03:50 PAGE 1   


C51 COMPILER V8.08, COMPILATION OF MODULE INT
OBJECT MODULE PLACED IN int.OBJ
COMPILER INVOKED BY: C:\Keil\C51\BIN\C51.EXE int.c BROWSE DEBUG OBJECTEXTEND

line level    source

   1          #include <reg52.h>
   2          #define uchar unsigned char
   3          #define uint unsigned int
   4          
   5          uchar code DSY_CODE[]=
   6          {
   7                  0x3f,0x06,0x5b,0x4f,0x66,0x6d,0x7d,0x7f,0x6f,0x00
   8          };
   9          uchar Display_Buffer[3]={0,0,0};
  10          uint Count = 0;
  11          sbit Clear_Key = P3^6;
  12          
  13          void Show_Count_ON_DSY()
  14          {
  15   1              Display_Buffer[2] = Count / 100;
  16   1              Display_Buffer[1] = Count % 100 /10;
  17   1              Display_Buffer[2] = Count % 10; 
  18   1              if(Display_Buffer[2]==0)
  19   1              {
  20   2                      Display_Buffer[2] = 0x0a;
  21   2                      if(Display_Buffer[1]==0)
  22   2                      {
  23   3                              Display_Buffer[1]=0x0a;
  24   3                      }
  25   2              }
  26   1              P0 = DSY_CODE[Display_Buffer[0]];
  27   1              P1 = DSY_CODE[Display_Buffer[1]];
  28   1              P2 = DSY_CODE[Display_Buffer[2]];
  29   1      }
  30          
  31          void main()
  32          {
  33   1              P0 = 0xff;
  34   1              P1 = 0xff;
  35   1              P2 = 0xff;
  36   1              IE = 0x81;
  37   1              IT0 = 1;
  38   1              while(1)
  39   1              {
  40   2                      if(Clear_Key == 0)
  41   2                              Count = 0;
  42   2                      Show_Count_NO_DSY();
*** WARNING C206 IN LINE 42 OF INT.C: 'Show_Count_NO_DSY': missing function-prototype
  43   2              }
  44   1      }
  45          
  46          void EX_INT0() interrupt 0
  47          {
  48   1              Count ++;
  49   1      }


MODULE INFORMATION:   STATIC OVERLAYABLE
   CODE SIZE        =    125    ----
   CONSTANT SIZE    =     10    ----
C51 COMPILER V8.08   INT                                                                   08/10/2009 11:03:50 PAGE 2   

   XDATA SIZE       =   ----    ----
   PDATA SIZE       =   ----    ----
   DATA SIZE        =      5    ----
   IDATA SIZE       =   ----    ----
   BIT SIZE         =   ----    ----
END OF MODULE INFORMATION.


C51 COMPILATION COMPLETE.  1 WARNING(S),  0 ERROR(S)
