C51 COMPILER V9.00   SMG                                                                   12/14/2016 17:30:24 PAGE 1   


C51 COMPILER V9.00, COMPILATION OF MODULE SMG
OBJECT MODULE PLACED IN smg.OBJ
COMPILER INVOKED BY: C:\Keil\C51\BIN\C51.EXE smg.c BROWSE DEBUG OBJECTEXTEND

line level    source

   1          #include <reg52.h>
   2          #include <intrins.h>
   3          #define uchar unsigned char
   4          #define uint unsigned int
   5          uchar code DSY_CODE[]=
   6          {
   7                  0xc0,0xf9,0xa4,0xb0,0x99,0x92,0x82,0x82,0xf8,0x80,0x90,0xff     
   8          };
   9          
  10          void DelayMS(uint x)
  11          {
  12   1              uchar t;
  13   1              while(x--)
  14   1              for(t=120;t>0;t--);
  15   1      }
  16          
  17          void main()
  18          {
  19   1              uchar i=0;
  20   1              P0=0x00;
  21   1              while(1)
  22   1              {
  23   2                      P0=~DSY_CODE[i];
  24   2                      i=(i+1)%10;/*œ‘ æ0-9*/
  25   2                      DelayMS(200);
  26   2              }
  27   1      }


MODULE INFORMATION:   STATIC OVERLAYABLE
   CODE SIZE        =     59    ----
   CONSTANT SIZE    =     12    ----
   XDATA SIZE       =   ----    ----
   PDATA SIZE       =   ----    ----
   DATA SIZE        =   ----    ----
   IDATA SIZE       =   ----    ----
   BIT SIZE         =   ----    ----
END OF MODULE INFORMATION.


C51 COMPILATION COMPLETE.  0 WARNING(S),  0 ERROR(S)
