C51 COMPILER V9.00   LED                                                                   12/14/2016 16:48:13 PAGE 1   


C51 COMPILER V9.00, COMPILATION OF MODULE LED
OBJECT MODULE PLACED IN led.OBJ
COMPILER INVOKED BY: C:\Keil\C51\BIN\C51.EXE led.c BROWSE DEBUG OBJECTEXTEND

line level    source

   1          #include <reg52.h>
   2          #define uchar unsigned char
   3          #define uint unsigned int
   4          
   5          uchar code Pattern_P0[]=
   6          {
   7                  0xfc,0xf9,0xf3,0xe7,0xcf,0x9f
   8          };
   9          uchar code Pattern_P2[]=
  10          {
  11                  0xf5,0xf6,0xfe,0x54,0x56,0x76,0xd7,0x49,0xa9,0xe4,0xc6
  12          };
  13          
  14          void DelayMS(uint x)
  15          {
  16   1              uchar t;
  17   1              while(x--)
  18   1              {
  19   2                      for(t=120;t>0;t--);
  20   2              }
  21   1      }
  22          
  23          void main()
  24          {
  25   1              uchar i;
  26   1              while(1)
  27   1              {
  28   2                      for(i=136;i>0;i--)
  29   2                      {
  30   3                              P0=Pattern_P0[i];
  31   3                              P1=Pattern_P2[i];
  32   3                              DelayMS(150);
  33   3                      }       
  34   2              }
  35   1      }


MODULE INFORMATION:   STATIC OVERLAYABLE
   CODE SIZE        =     49    ----
   CONSTANT SIZE    =     17    ----
   XDATA SIZE       =   ----    ----
   PDATA SIZE       =   ----    ----
   DATA SIZE        =   ----    ----
   IDATA SIZE       =   ----    ----
   BIT SIZE         =   ----    ----
END OF MODULE INFORMATION.


C51 COMPILATION COMPLETE.  0 WARNING(S),  0 ERROR(S)
